[debug] [2020-09-10T21:35:49.188Z] ----------------------------------------------------------------------
[debug] [2020-09-10T21:35:49.190Z] Command:       C:\Program Files\nodejs\node.exe C:\Users\R558U\AppData\Roaming\npm\node_modules\firebase-tools\lib\bin\firebase.js emulators:start
[debug] [2020-09-10T21:35:49.191Z] CLI Version:   8.10.0
[debug] [2020-09-10T21:35:49.192Z] Platform:      win32
[debug] [2020-09-10T21:35:49.192Z] Node Version:  v12.18.1
[debug] [2020-09-10T21:35:49.193Z] Time:          Fri Sep 11 2020 03:05:49 GMT+0530 (India Standard Time)
[debug] [2020-09-10T21:35:49.193Z] ----------------------------------------------------------------------
[debug] [2020-09-10T21:35:49.193Z] 
[debug] [2020-09-10T21:35:49.202Z] > command requires scopes: ["email","openid","https://www.googleapis.com/auth/cloudplatformprojects.readonly","https://www.googleapis.com/auth/firebase","https://www.googleapis.com/auth/cloud-platform"]
[debug] [2020-09-10T21:35:49.202Z] > authorizing via signed-in user
[info] i  emulators: Starting emulators: functions, hosting {"metadata":{"emulator":{"name":"hub"},"message":"Starting emulators: functions, hosting"}}
[debug] [2020-09-10T21:35:51.298Z] [hub] writing locator at C:\Users\R558U\AppData\Local\Temp\hub-clone-6f46b.json
[warn] !  functions: The following emulators are not running, calls to these services from the Functions emulator will affect production: firestore, database, pubsub {"metadata":{"emulator":{"name":"functions"},"message":"The following emulators are not running, calls to these services from the Functions emulator will affect production: \u001b[1mfirestore, database, pubsub\u001b[22m"}}
[warn] !  Your requested "node" version "10" doesn't match your global version "12" {"metadata":{"emulator":{"name":"functions"},"message":"Your requested \"node\" version \"10\" doesn't match your global version \"12\""}}
[debug] [2020-09-10T21:35:53.348Z] defaultcredentials: writing to file C:\Users\R558U\AppData\Roaming\firebase\khush_ahmed97_gmail.com_application_default_credentials.json
[debug] [2020-09-10T21:35:53.350Z] Setting GAC to C:\Users\R558U\AppData\Roaming\firebase\khush_ahmed97_gmail.com_application_default_credentials.json {"metadata":{"emulator":{"name":"functions"},"message":"Setting GAC to C:\\Users\\R558U\\AppData\\Roaming\\firebase\\khush_ahmed97_gmail.com_application_default_credentials.json"}}
[debug] [2020-09-10T21:35:55.393Z] >>> HTTP REQUEST GET https://firebase.googleapis.com/v1beta1/projects/clone-6f46b/webApps/-/config  
 
[debug] [2020-09-10T21:35:56.951Z] <<< HTTP RESPONSE 200 {"content-type":"application/json; charset=UTF-8","vary":"X-Origin, Referer, Origin,Accept-Encoding","date":"Thu, 10 Sep 2020 21:37:09 GMT","server":"ESF","cache-control":"private","x-xss-protection":"0","x-frame-options":"SAMEORIGIN","x-content-type-options":"nosniff","alt-svc":"h3-29=\":443\"; ma=2592000,h3-27=\":443\"; ma=2592000,h3-T051=\":443\"; ma=2592000,h3-T050=\":443\"; ma=2592000,h3-Q050=\":443\"; ma=2592000,h3-Q046=\":443\"; ma=2592000,h3-Q043=\":443\"; ma=2592000,quic=\":443\"; ma=2592000; v=\"46,43\"","accept-ranges":"none","transfer-encoding":"chunked"}
[info] i  hosting: Serving hosting files from: build {"metadata":{"emulator":{"name":"hosting"},"message":"Serving hosting files from: \u001b[1mbuild\u001b[22m"}}
[info] +  hosting: Local server: http://localhost:5000 {"metadata":{"emulator":{"name":"hosting"},"message":"Local server: \u001b[4m\u001b[1mhttp://localhost:5000\u001b[22m\u001b[24m"}}
[debug] [2020-09-10T21:36:01.076Z] Ignoring unsupported arg: auto_download {"metadata":{"emulator":{"name":"ui"},"message":"Ignoring unsupported arg: auto_download"}}
[debug] [2020-09-10T21:36:01.076Z] Ignoring unsupported arg: port {"metadata":{"emulator":{"name":"ui"},"message":"Ignoring unsupported arg: port"}}
[debug] [2020-09-10T21:36:01.076Z] Starting Emulator UI with command {"binary":"node","args":["C:\\Users\\R558U\\.cache\\firebase\\emulators\\ui-v1.1.1\\server.bundle.js"],"optionalArgs":[],"joinArgs":false} {"metadata":{"emulator":{"name":"ui"},"message":"Starting Emulator UI with command {\"binary\":\"node\",\"args\":[\"C:\\\\Users\\\\R558U\\\\.cache\\\\firebase\\\\emulators\\\\ui-v1.1.1\\\\server.bundle.js\"],\"optionalArgs\":[],\"joinArgs\":false}"}}
[info] i  ui: Emulator UI logging to ui-debug.log {"metadata":{"emulator":{"name":"ui"},"message":"Emulator UI logging to \u001b[1mui-debug.log\u001b[22m"}}
[debug] [2020-09-10T21:36:01.226Z] Web / API server started at http://localhost:4000
 {"metadata":{"emulator":{"name":"ui"},"message":"Web / API server started at http://localhost:4000\n"}}
[info] i  functions: Watching "G:\websites\cleverprogrammer\amazon\amazon-clone\functions" for Cloud Functions... {"metadata":{"emulator":{"name":"functions"},"message":"Watching \"G:\\websites\\cleverprogrammer\\amazon\\amazon-clone\\functions\" for Cloud Functions..."}}
[debug] [2020-09-10T21:36:01.621Z] [worker-pool] addWorker(~diagnostic~) {"metadata":{"emulator":{"name":"functions"},"message":"[worker-pool] addWorker(~diagnostic~)"}}
[debug] [2020-09-10T21:36:01.621Z] [worker-pool] Adding worker with key ~diagnostic~, total=1 {"metadata":{"emulator":{"name":"functions"},"message":"[worker-pool] Adding worker with key ~diagnostic~, total=1"}}
[debug] [2020-09-10T21:36:01.622Z] [worker-pool] submitWork(triggerId=) {"metadata":{"emulator":{"name":"functions"},"message":"[worker-pool] submitWork(triggerId=)"}}
[debug] [2020-09-10T21:36:01.622Z] [worker-~diagnostic~-937e201a-8058-403e-8f32-5158a2605526]: Assigning socketPath: \\?\pipe\G:\websites\cleverprogrammer\amazon\amazon-clone\functions\16816 {"metadata":{"emulator":{"name":"functions"},"message":"[worker-~diagnostic~-937e201a-8058-403e-8f32-5158a2605526]: Assigning socketPath: \\\\?\\pipe\\G:\\websites\\cleverprogrammer\\amazon\\amazon-clone\\functions\\16816"}}
[debug] [2020-09-10T21:36:01.622Z] [worker-~diagnostic~-937e201a-8058-403e-8f32-5158a2605526]: BUSY {"metadata":{"emulator":{"name":"functions"},"message":"[worker-~diagnostic~-937e201a-8058-403e-8f32-5158a2605526]: BUSY"}}
[debug] [2020-09-10T21:36:02.211Z] [runtime-status] [16816] Functions runtime initialized. {"cwd":"G:\\websites\\cleverprogrammer\\amazon\\amazon-clone\\functions","node_version":"12.18.1"} {"metadata":{"emulator":{"name":"functions"},"message":"[runtime-status] [16816] Functions runtime initialized. {\"cwd\":\"G:\\\\websites\\\\cleverprogrammer\\\\amazon\\\\amazon-clone\\\\functions\",\"node_version\":\"12.18.1\"}"}}
[debug] [2020-09-10T21:36:02.216Z] [runtime-status] [16816] Disabled runtime features: undefined {"metadata":{"emulator":{"name":"functions"},"message":"[runtime-status] [16816] Disabled runtime features: undefined"}}
[debug] [2020-09-10T21:36:02.222Z] [runtime-status] [16816] Resolved module firebase-admin {"declared":true,"installed":true,"version":"8.13.0","resolution":"G:\\websites\\cleverprogrammer\\amazon\\amazon-clone\\functions\\node_modules\\firebase-admin\\lib\\index.js"} {"metadata":{"emulator":{"name":"functions"},"message":"[runtime-status] [16816] Resolved module firebase-admin {\"declared\":true,\"installed\":true,\"version\":\"8.13.0\",\"resolution\":\"G:\\\\websites\\\\cleverprogrammer\\\\amazon\\\\amazon-clone\\\\functions\\\\node_modules\\\\firebase-admin\\\\lib\\\\index.js\"}"}}
[debug] [2020-09-10T21:36:02.224Z] [runtime-status] [16816] Resolved module firebase-functions {"declared":true,"installed":true,"version":"3.11.0","resolution":"G:\\websites\\cleverprogrammer\\amazon\\amazon-clone\\functions\\node_modules\\firebase-functions\\lib\\index.js"} {"metadata":{"emulator":{"name":"functions"},"message":"[runtime-status] [16816] Resolved module firebase-functions {\"declared\":true,\"installed\":true,\"version\":\"3.11.0\",\"resolution\":\"G:\\\\websites\\\\cleverprogrammer\\\\amazon\\\\amazon-clone\\\\functions\\\\node_modules\\\\firebase-functions\\\\lib\\\\index.js\"}"}}
[debug] [2020-09-10T21:36:02.226Z] [runtime-status] [16816] Resolved module firebase-functions {"declared":true,"installed":true,"version":"3.11.0","resolution":"G:\\websites\\cleverprogrammer\\amazon\\amazon-clone\\functions\\node_modules\\firebase-functions\\lib\\index.js"} {"metadata":{"emulator":{"name":"functions"},"message":"[runtime-status] [16816] Resolved module firebase-functions {\"declared\":true,\"installed\":true,\"version\":\"3.11.0\",\"resolution\":\"G:\\\\websites\\\\cleverprogrammer\\\\amazon\\\\amazon-clone\\\\functions\\\\node_modules\\\\firebase-functions\\\\lib\\\\index.js\"}"}}
[debug] [2020-09-10T21:36:02.228Z] [runtime-status] [16816] Outgoing network have been stubbed. [{"name":"http","status":"mocked"},{"name":"http","status":"mocked"},{"name":"https","status":"mocked"},{"name":"https","status":"mocked"},{"name":"net","status":"mocked"}] {"metadata":{"emulator":{"name":"functions"},"message":"[runtime-status] [16816] Outgoing network have been stubbed. [{\"name\":\"http\",\"status\":\"mocked\"},{\"name\":\"http\",\"status\":\"mocked\"},{\"name\":\"https\",\"status\":\"mocked\"},{\"name\":\"https\",\"status\":\"mocked\"},{\"name\":\"net\",\"status\":\"mocked\"}]"}}
[debug] [2020-09-10T21:36:02.229Z] [runtime-status] [16816] Resolved module firebase-functions {"declared":true,"installed":true,"version":"3.11.0","resolution":"G:\\websites\\cleverprogrammer\\amazon\\amazon-clone\\functions\\node_modules\\firebase-functions\\lib\\index.js"} {"metadata":{"emulator":{"name":"functions"},"message":"[runtime-status] [16816] Resolved module firebase-functions {\"declared\":true,\"installed\":true,\"version\":\"3.11.0\",\"resolution\":\"G:\\\\websites\\\\cleverprogrammer\\\\amazon\\\\amazon-clone\\\\functions\\\\node_modules\\\\firebase-functions\\\\lib\\\\index.js\"}"}}
[debug] [2020-09-10T21:36:02.292Z] [runtime-status] [16816] Checked functions.config() {"config":{}} {"metadata":{"emulator":{"name":"functions"},"message":"[runtime-status] [16816] Checked functions.config() {\"config\":{}}"}}
[debug] [2020-09-10T21:36:02.293Z] [runtime-status] [16816] firebase-functions has been stubbed. {"functionsResolution":{"declared":true,"installed":true,"version":"3.11.0","resolution":"G:\\websites\\cleverprogrammer\\amazon\\amazon-clone\\functions\\node_modules\\firebase-functions\\lib\\index.js"}} {"metadata":{"emulator":{"name":"functions"},"message":"[runtime-status] [16816] firebase-functions has been stubbed. {\"functionsResolution\":{\"declared\":true,\"installed\":true,\"version\":\"3.11.0\",\"resolution\":\"G:\\\\websites\\\\cleverprogrammer\\\\amazon\\\\amazon-clone\\\\functions\\\\node_modules\\\\firebase-functions\\\\lib\\\\index.js\"}}"}}
[debug] [2020-09-10T21:36:02.294Z] [runtime-status] [16816] Resolved module firebase-functions {"declared":true,"installed":true,"version":"3.11.0","resolution":"G:\\websites\\cleverprogrammer\\amazon\\amazon-clone\\functions\\node_modules\\firebase-functions\\lib\\index.js"} {"metadata":{"emulator":{"name":"functions"},"message":"[runtime-status] [16816] Resolved module firebase-functions {\"declared\":true,\"installed\":true,\"version\":\"3.11.0\",\"resolution\":\"G:\\\\websites\\\\cleverprogrammer\\\\amazon\\\\amazon-clone\\\\functions\\\\node_modules\\\\firebase-functions\\\\lib\\\\index.js\"}"}}
[debug] [2020-09-10T21:36:02.296Z] [runtime-status] [16816] Resolved module firebase-admin {"declared":true,"installed":true,"version":"8.13.0","resolution":"G:\\websites\\cleverprogrammer\\amazon\\amazon-clone\\functions\\node_modules\\firebase-admin\\lib\\index.js"} {"metadata":{"emulator":{"name":"functions"},"message":"[runtime-status] [16816] Resolved module firebase-admin {\"declared\":true,\"installed\":true,\"version\":\"8.13.0\",\"resolution\":\"G:\\\\websites\\\\cleverprogrammer\\\\amazon\\\\amazon-clone\\\\functions\\\\node_modules\\\\firebase-admin\\\\lib\\\\index.js\"}"}}
[debug] [2020-09-10T21:36:02.297Z] [runtime-status] [16816] Resolved module firebase-functions {"declared":true,"installed":true,"version":"3.11.0","resolution":"G:\\websites\\cleverprogrammer\\amazon\\amazon-clone\\functions\\node_modules\\firebase-functions\\lib\\index.js"} {"metadata":{"emulator":{"name":"functions"},"message":"[runtime-status] [16816] Resolved module firebase-functions {\"declared\":true,\"installed\":true,\"version\":\"3.11.0\",\"resolution\":\"G:\\\\websites\\\\cleverprogrammer\\\\amazon\\\\amazon-clone\\\\functions\\\\node_modules\\\\firebase-functions\\\\lib\\\\index.js\"}"}}
[debug] [2020-09-10T21:36:02.297Z] [runtime-status] [16816] firebase-admin has been stubbed. {"adminResolution":{"declared":true,"installed":true,"version":"8.13.0","resolution":"G:\\websites\\cleverprogrammer\\amazon\\amazon-clone\\functions\\node_modules\\firebase-admin\\lib\\index.js"}} {"metadata":{"emulator":{"name":"functions"},"message":"[runtime-status] [16816] firebase-admin has been stubbed. {\"adminResolution\":{\"declared\":true,\"installed\":true,\"version\":\"8.13.0\",\"resolution\":\"G:\\\\websites\\\\cleverprogrammer\\\\amazon\\\\amazon-clone\\\\functions\\\\node_modules\\\\firebase-admin\\\\lib\\\\index.js\"}}"}}
[info] 
┌───────────────────────────────────────────────────────────────────────┐
│ ✔  All emulators ready! View status and logs at http://localhost:4000 │
└───────────────────────────────────────────────────────────────────────┘

┌───────────┬────────────────┬─────────────────────────────────┐
│ Emulator  │ Host:Port      │ View in Emulator UI             │
├───────────┼────────────────┼─────────────────────────────────┤
│ Functions │ localhost:5001 │ http://localhost:4000/functions │
├───────────┼────────────────┼─────────────────────────────────┤
│ Hosting   │ localhost:5000 │ n/a                             │
└───────────┴────────────────┴─────────────────────────────────┘
  Other reserved ports: 4400, 4500

Issues? Report them at https://github.com/firebase/firebase-tools/issues and attach the *-debug.log files.
 
[debug] [2020-09-10T21:36:02.345Z] [worker-~diagnostic~-937e201a-8058-403e-8f32-5158a2605526]: IDLE {"metadata":{"emulator":{"name":"functions"},"message":"[worker-~diagnostic~-937e201a-8058-403e-8f32-5158a2605526]: IDLE"}}
[debug] [2020-09-10T21:51:11.058Z] Received signal SIGHUP 1
